<?xml version="1.0" encoding="UTF-8"?>
<testsuite xmlns:xsi="http://www.w3.org/2001/XMLSchema-instance" xsi:noNamespaceSchemaLocation="https://maven.apache.org/surefire/maven-surefire-plugin/xsd/surefire-test-report.xsd" name="ull.es.RecommendationRunnerTest" time="0.148" tests="4" errors="0" skipped="0" failures="0">
  <properties>
[...]
</properties>
  <testcase name="test" classname="ull.es.RecommendationRunnerTest$NullValueTest" time="0.108"/>
  <testcase name="test" classname="ull.es.RecommendationRunnerTest$PrintMethodTest" time="0.005"/>
  <testcase name="test" classname="ull.es.RecommendationRunnerTest$RecommendationRunner2" time="0.009"/>
  <testcase name="test" classname="ull.es.RecommendationRunnerTest$RecommendationRunnerTest1" time="0.004"/>
</testsuite>